2022-10-02 19:03:15.856  INFO 8340 --- [main] ru.rotar.FirstRestAppApplication         : Starting FirstRestAppApplication using Java 16.0.2 on DESKTOP-0IK1G9H with PID 8340 (C:\Users\Михаил\IdeaProjects\FirstRestApp0\target\classes started by Михаил in C:\Users\Михаил\IdeaProjects\FirstRestApp0)
2022-10-02 19:03:15.864  INFO 8340 --- [main] ru.rotar.FirstRestAppApplication         : No active profile set, falling back to default profiles: default
2022-10-02 19:03:16.404  INFO 8340 --- [main] .s.d.r.c.RepositoryConfigurationDelegate : Bootstrapping Spring Data JPA repositories in DEFAULT mode.
2022-10-02 19:03:16.436  INFO 8340 --- [main] .s.d.r.c.RepositoryConfigurationDelegate : Finished Spring Data repository scanning in 30 ms. Found 1 JPA repository interfaces.
2022-10-02 19:03:16.795  INFO 8340 --- [main] o.s.b.w.embedded.tomcat.TomcatWebServer  : Tomcat initialized with port(s): 8080 (http)
2022-10-02 19:03:16.795  INFO 8340 --- [main] o.apache.catalina.core.StandardService   : Starting service [Tomcat]
2022-10-02 19:03:16.795  INFO 8340 --- [main] org.apache.catalina.core.StandardEngine  : Starting Servlet engine: [Apache Tomcat/9.0.50]
2022-10-02 19:03:16.905  INFO 8340 --- [main] o.a.c.c.C.[Tomcat].[localhost].[/]       : Initializing Spring embedded WebApplicationContext
2022-10-02 19:03:16.905  INFO 8340 --- [main] w.s.c.ServletWebServerApplicationContext : Root WebApplicationContext: initialization completed in 998 ms
2022-10-02 19:03:16.995  INFO 8340 --- [main] com.zaxxer.hikari.HikariDataSource       : HikariPool-1 - Starting...
2022-10-02 19:03:17.120  INFO 8340 --- [main] com.zaxxer.hikari.HikariDataSource       : HikariPool-1 - Start completed.
2022-10-02 19:03:17.166  INFO 8340 --- [main] o.hibernate.jpa.internal.util.LogHelper  : HHH000204: Processing PersistenceUnitInfo [name: default]
2022-10-02 19:03:17.182  INFO 8340 --- [main] org.hibernate.Version                    : HHH000412: Hibernate ORM core version 5.4.32.Final
2022-10-02 19:03:17.260  INFO 8340 --- [main] o.hibernate.annotations.common.Version   : HCANN000001: Hibernate Commons Annotations {5.1.2.Final}
2022-10-02 19:03:17.338  INFO 8340 --- [main] org.hibernate.dialect.Dialect            : HHH000400: Using dialect: org.hibernate.dialect.PostgreSQLDialect
2022-10-02 19:03:17.776  INFO 8340 --- [main] o.h.e.t.j.p.i.JtaPlatformInitiator       : HHH000490: Using JtaPlatform implementation: [org.hibernate.engine.transaction.jta.platform.internal.NoJtaPlatform]
2022-10-02 19:03:17.776  INFO 8340 --- [main] j.LocalContainerEntityManagerFactoryBean : Initialized JPA EntityManagerFactory for persistence unit 'default'
2022-10-02 19:03:18.010  WARN 8340 --- [main] JpaBaseConfiguration$JpaWebConfiguration : spring.jpa.open-in-view is enabled by default. Therefore, database queries may be performed during view rendering. Explicitly configure spring.jpa.open-in-view to disable this warning
2022-10-02 19:03:18.183  WARN 8340 --- [main] ion$DefaultTemplateResolverConfiguration : Cannot find template location: classpath:/templates/ (please add some templates or check your Thymeleaf configuration)
2022-10-02 19:03:18.260  INFO 8340 --- [main] o.s.b.w.embedded.tomcat.TomcatWebServer  : Tomcat started on port(s): 8080 (http) with context path ''
2022-10-02 19:03:18.276  INFO 8340 --- [main] ru.rotar.FirstRestAppApplication         : Started FirstRestAppApplication in 2.744 seconds (JVM running for 3.504)
2022-10-02 19:03:52.620  INFO 8340 --- [SpringApplicationShutdownHook] j.LocalContainerEntityManagerFactoryBean : Closing JPA EntityManagerFactory for persistence unit 'default'
2022-10-02 19:03:52.620  INFO 8340 --- [SpringApplicationShutdownHook] com.zaxxer.hikari.HikariDataSource       : HikariPool-1 - Shutdown initiated...
2022-10-02 19:03:52.636  INFO 8340 --- [SpringApplicationShutdownHook] com.zaxxer.hikari.HikariDataSource       : HikariPool-1 - Shutdown completed.
